C51 COMPILER V9.60.7.0   UART                                                              10/31/2024 10:45:31 PAGE 1   


C51 COMPILER V9.60.7.0, COMPILATION OF MODULE UART
OBJECT MODULE PLACED IN .\Objects\Uart.obj
COMPILER INVOKED BY: C:\Keil_v5\C51\BIN\C51.EXE Uart.c OPTIMIZE(8,SPEED) BROWSE DEBUG OBJECTEXTEND PRINT(.\Listings\Uart
                    -.lst) TABS(2) OBJECT(.\Objects\Uart.obj)

line level    source

   1          
   2          #include <reg51.h>
   3          #include "Uart.h"
   4          
   5          void Uart_Init(unsigned int Value)
   6          {
   7   1        char i;
   8   1        if( Value == 9600) i = -3;
   9   1        if( Value == 4800) i = -6;
  10   1        if( Value == 2400) i = -12;
  11   1        if (Value == 19200)
  12   1        {
  13   2          PCON = 0x80;
  14   2          i = -3;
  15   2        }
  16   1        TMOD = 0X20;
  17   1        TH1 = i;
  18   1        SCON = 0X50;
  19   1        TR1 = 1;
  20   1      }
  21          void Uart_Tx(unsigned char Value)
  22          {
  23   1        SBUF = Value;
  24   1        while(TI == 0);
  25   1        TI = 0;
  26   1      }
  27          unsigned char Uart_Rx()
  28          {
  29   1        while(RI == 0);
  30   1        RI = 0;
  31   1        return SBUF;
  32   1      }
  33          void Uart_Tx_Str( unsigned char *Str)
  34          {
  35   1        while(*Str)
  36   1        {
  37   2        Uart_Tx(*Str);
  38   2          Str++;
  39   2        }
  40   1      }


MODULE INFORMATION:   STATIC OVERLAYABLE
   CODE SIZE        =     83    ----
   CONSTANT SIZE    =   ----    ----
   XDATA SIZE       =   ----    ----
   PDATA SIZE       =   ----    ----
   DATA SIZE        =   ----    ----
   IDATA SIZE       =   ----    ----
   BIT SIZE         =   ----    ----
END OF MODULE INFORMATION.


C51 COMPILATION COMPLETE.  0 WARNING(S),  0 ERROR(S)
