C51 COMPILER V9.60.7.0   MAIN                                                              10/26/2024 19:35:42 PAGE 1   


C51 COMPILER V9.60.7.0, COMPILATION OF MODULE MAIN
OBJECT MODULE PLACED IN .\Objects\main.obj
COMPILER INVOKED BY: C:\Users\maniv\AppData\Local\Keil_v5\C51\BIN\C51.EXE main.c OPTIMIZE(8,SPEED) BROWSE DEBUG OBJECTEX
                    -TEND PRINT(.\Listings\main.lst) TABS(2) OBJECT(.\Objects\main.obj)

line level    source

   1          #include<reg51.h>
   2           
   3           
   4          void UART_Init()
   5          {
   6   1          SCON=0X50;//8 bit 1 start
   7   1          TMOD=0X20;//8 bit mode2
   8   1          TH1=0Xfd;//baud rate 9600
   9   1          TR1=1;//start timer
  10   1      }
  11           
  12          unsigned char recieve()
  13          {
  14   1      unsigned char ch;
  15   1      while(RI==0);//wait for receive
  16   1      ch=SBUF;//save ch
  17   1      RI=0;
  18   1      return(ch);
  19   1      }
  20           
  21           
  22          main()
  23          {
  24   1      P3 = 0xff;
  25   1      P2=0X00;
  26   1      UART_Init();
  27   1      while(1)
  28   1      {
  29   2      P2=recieve();
  30   2      }
  31   1      }
  32            


MODULE INFORMATION:   STATIC OVERLAYABLE
   CODE SIZE        =     36    ----
   CONSTANT SIZE    =   ----    ----
   XDATA SIZE       =   ----    ----
   PDATA SIZE       =   ----    ----
   DATA SIZE        =   ----    ----
   IDATA SIZE       =   ----    ----
   BIT SIZE         =   ----    ----
END OF MODULE INFORMATION.


C51 COMPILATION COMPLETE.  0 WARNING(S),  0 ERROR(S)
