C51 COMPILER V9.60.7.0   MAIN                                                              10/29/2024 11:52:24 PAGE 1   


C51 COMPILER V9.60.7.0, COMPILATION OF MODULE MAIN
OBJECT MODULE PLACED IN .\Objects\main.obj
COMPILER INVOKED BY: C:\Users\maniv\AppData\Local\Keil_v5\C51\BIN\C51.EXE main.c OPTIMIZE(8,SPEED) BROWSE DEBUG OBJECTEX
                    -TEND PRINT(.\Listings\main.lst) TABS(2) OBJECT(.\Objects\main.obj)

line level    source

   1          #include <reg51.h>
   2          #include <LCD.h>
   3          #include <Delay.h>
   4          sbit sw = P2^0;
   5          
   6          void main() {
   7   1          TMOD = 0x20;        
   8   1          TH1 = 0xFD;          
   9   1          SCON = 0x50;
  10   1          TR1 = 1;           
  11   1          LCD_Init();
  12   1          Sprint("UART IS TO R");
  13   1          Delay(1000);
  14   1          LCD_Cmd(0x01);
  15   1          while(1) {
  16   2                  if(RI == 1)
  17   2                  {             
  18   3                      RI = 0;
  19   3                      LCD_Data(SBUF);   
  20   3                  }
  21   2                   if(sw == 0)
  22   2                     {
  23   3                       Delay(250);
  24   3                       SBUF = 'M';
  25   3                       while(TI == 0);  
  26   3                       TI = 0;
  27   3                       
  28   3                   }               
  29   2                  }
  30   1              }


MODULE INFORMATION:   STATIC OVERLAYABLE
   CODE SIZE        =     65    ----
   CONSTANT SIZE    =     13    ----
   XDATA SIZE       =   ----    ----
   PDATA SIZE       =   ----    ----
   DATA SIZE        =   ----    ----
   IDATA SIZE       =   ----    ----
   BIT SIZE         =   ----    ----
END OF MODULE INFORMATION.


C51 COMPILATION COMPLETE.  0 WARNING(S),  0 ERROR(S)
