C51 COMPILER V9.60.7.0   MAIN                                                              10/28/2024 15:00:17 PAGE 1   


C51 COMPILER V9.60.7.0, COMPILATION OF MODULE MAIN
OBJECT MODULE PLACED IN main.OBJ
COMPILER INVOKED BY: C:\Users\maniv\AppData\Local\Keil_v5\C51\BIN\C51.EXE main.c OPTIMIZE(8,SPEED) DEBUG OBJECTEXTEND TA
                    -BS(2)

line level    source

   1          #include <reg51.h>
   2          void delay()
   3          {
   4   1        unsigned int i,j;
   5   1        for(i =0; i<500; i ++)
   6   1        {
   7   2          for(j =0; j<113; j++);
   8   2        }
   9   1      }
  10          void main()
  11          {
  12   1        P0 = 0x00;
  13   1          TMOD = 0x20;  
  14   1          TH1 = 0xFD;   
  15   1          SCON = 0x50;  
  16   1          TR1 = 1;      
  17   1      
  18   1          while(1)
  19   1          {
  20   2      
  21   2              while(RI == 0);
  22   2              RI = 0; 
  23   2              P0 = SBUF;
  24   2             delay();
  25   2          }
  26   1      }


MODULE INFORMATION:   STATIC OVERLAYABLE
   CODE SIZE        =     56    ----
   CONSTANT SIZE    =   ----    ----
   XDATA SIZE       =   ----    ----
   PDATA SIZE       =   ----    ----
   DATA SIZE        =   ----    ----
   IDATA SIZE       =   ----    ----
   BIT SIZE         =   ----    ----
END OF MODULE INFORMATION.


C51 COMPILATION COMPLETE.  0 WARNING(S),  0 ERROR(S)
